<?xml version="1.0" encoding="UTF-8"?>
<coverage generated="1714983387395" clover="3.2.0">
  <project timestamp="1714983387395" name="All files">
    <metrics statements="62" coveredstatements="61" conditionals="21" coveredconditionals="18" methods="17" coveredmethods="16" elements="100" coveredelements="95" complexity="0" loc="62" ncloc="62" packages="3" files="4" classes="4"/>
    <package name="Todo">
      <metrics statements="49" coveredstatements="48" conditionals="17" coveredconditionals="14" methods="13" coveredmethods="12"/>
      <file name="index.tsx" path="C:\Users\ashis\OneDrive\Desktop\todo-appp\src\Todo\index.tsx">
        <metrics statements="49" coveredstatements="48" conditionals="17" coveredconditionals="14" methods="13" coveredmethods="12"/>
        <line num="1" count="1" type="stmt"/>
        <line num="2" count="1" type="stmt"/>
        <line num="5" count="1" type="stmt"/>
        <line num="6" count="1" type="stmt"/>
        <line num="9" count="1" type="stmt"/>
        <line num="17" count="1" type="stmt"/>
        <line num="18" count="20" type="stmt"/>
        <line num="19" count="20" type="stmt"/>
        <line num="20" count="20" type="stmt"/>
        <line num="22" count="20" type="stmt"/>
        <line num="23" count="3" type="stmt"/>
        <line num="31" count="20" type="stmt"/>
        <line num="34" count="1" type="stmt"/>
        <line num="37" count="20" type="stmt"/>
        <line num="38" count="2" type="stmt"/>
        <line num="39" count="2" type="stmt"/>
        <line num="41" count="20" type="stmt"/>
        <line num="42" count="20" type="stmt"/>
        <line num="43" count="1" type="stmt"/>
        <line num="44" count="2" type="cond" truecount="2" falsecount="0"/>
        <line num="45" count="1" type="stmt"/>
        <line num="47" count="1" type="stmt"/>
        <line num="50" count="1" type="stmt"/>
        <line num="53" count="20" type="stmt"/>
        <line num="54" count="3" type="stmt"/>
        <line num="55" count="3" type="cond" truecount="3" falsecount="0"/>
        <line num="57" count="1" type="stmt"/>
        <line num="58" count="1" type="stmt"/>
        <line num="60" count="1" type="stmt"/>
        <line num="61" count="1" type="stmt"/>
        <line num="63" count="1" type="stmt"/>
        <line num="64" count="1" type="stmt"/>
        <line num="66" count="3" type="stmt"/>
        <line num="69" count="20" type="stmt"/>
        <line num="70" count="5" type="stmt"/>
        <line num="71" count="5" type="cond" truecount="3" falsecount="1"/>
        <line num="73" count="3" type="stmt"/>
        <line num="77" count="20" type="stmt"/>
        <line num="78" count="5" type="stmt"/>
        <line num="79" count="5" type="cond" truecount="1" falsecount="0"/>
        <line num="80" count="5" type="stmt"/>
        <line num="84" count="20" type="stmt"/>
        <line num="85" count="13" type="cond" truecount="1" falsecount="0"/>
        <line num="86" count="5" type="stmt"/>
        <line num="90" count="20" type="stmt"/>
        <line num="108" count="0" type="cond" truecount="0" falsecount="2"/>
        <line num="126" count="16" type="cond" truecount="2" falsecount="0"/>
        <line num="128" count="14" type="stmt"/>
        <line num="137" count="1" type="stmt"/>
      </file>
    </package>
    <package name="Todo.component">
      <metrics statements="7" coveredstatements="7" conditionals="0" coveredconditionals="0" methods="2" coveredmethods="2"/>
      <file name="Filter.tsx" path="C:\Users\ashis\OneDrive\Desktop\todo-appp\src\Todo\component\Filter.tsx">
        <metrics statements="6" coveredstatements="6" conditionals="0" coveredconditionals="0" methods="2" coveredmethods="2"/>
        <line num="1" count="1" type="stmt"/>
        <line num="2" count="1" type="stmt"/>
        <line num="9" count="20" type="stmt"/>
        <line num="10" count="20" type="stmt"/>
        <line num="12" count="60" type="stmt"/>
        <line num="17" count="1" type="stmt"/>
      </file>
      <file name="constant.ts" path="C:\Users\ashis\OneDrive\Desktop\todo-appp\src\Todo\component\constant.ts">
        <metrics statements="1" coveredstatements="1" conditionals="0" coveredconditionals="0" methods="0" coveredmethods="0"/>
        <line num="1" count="1" type="stmt"/>
      </file>
    </package>
    <package name="TodoList">
      <metrics statements="6" coveredstatements="6" conditionals="4" coveredconditionals="4" methods="2" coveredmethods="2"/>
      <file name="index.tsx" path="C:\Users\ashis\OneDrive\Desktop\todo-appp\src\TodoList\index.tsx">
        <metrics statements="6" coveredstatements="6" conditionals="4" coveredconditionals="4" methods="2" coveredmethods="2"/>
        <line num="1" count="1" type="stmt"/>
        <line num="3" count="1" type="stmt"/>
        <line num="17" count="14" type="stmt"/>
        <line num="18" count="14" type="stmt"/>
        <line num="24" count="1" type="stmt"/>
        <line num="36" count="1" type="stmt"/>
      </file>
    </package>
  </project>
</coverage>
