{"C:\\Users\\ashis\\OneDrive\\Desktop\\todo-appp\\src\\Todo\\index.tsx": {"path":"C:\\Users\\ashis\\OneDrive\\Desktop\\todo-appp\\src\\Todo\\index.tsx","statementMap":{"0":{"start":{"line":1,"column":0},"end":{"line":1,"column":51}},"1":{"start":{"line":2,"column":0},"end":{"line":2,"column":40}},"2":{"start":{"line":5,"column":0},"end":{"line":5,"column":21}},"3":{"start":{"line":6,"column":0},"end":{"line":6,"column":35}},"4":{"start":{"line":9,"column":22},"end":{"line":9,"column":69}},"5":{"start":{"line":17,"column":19},"end":{"line":135,"column":1}},"6":{"start":{"line":18,"column":40},"end":{"line":18,"column":63}},"7":{"start":{"line":18,"column":20},"end":{"line":18,"column":22}},"8":{"start":{"line":18,"column":36},"end":{"line":18,"column":40}},"9":{"start":{"line":19,"column":34},"end":{"line":19,"column":54}},"10":{"start":{"line":19,"column":17},"end":{"line":19,"column":19}},"11":{"start":{"line":19,"column":30},"end":{"line":19,"column":34}},"12":{"start":{"line":20,"column":30},"end":{"line":20,"column":69}},"13":{"start":{"line":20,"column":15},"end":{"line":20,"column":17}},"14":{"start":{"line":20,"column":26},"end":{"line":20,"column":30}},"15":{"start":{"line":22,"column":23},"end":{"line":29,"column":3}},"16":{"start":{"line":23,"column":4},"end":{"line":28,"column":7}},"17":{"start":{"line":31,"column":22},"end":{"line":35,"column":3}},"18":{"start":{"line":34,"column":4},"end":{"line":34,"column":72}},"19":{"start":{"line":37,"column":21},"end":{"line":40,"column":3}},"20":{"start":{"line":38,"column":4},"end":{"line":38,"column":44}},"21":{"start":{"line":39,"column":4},"end":{"line":39,"column":34}},"22":{"start":{"line":41,"column":2},"end":{"line":41,"column":44}},"23":{"start":{"line":42,"column":21},"end":{"line":51,"column":3}},"24":{"start":{"line":43,"column":15},"end":{"line":49,"column":6}},"25":{"start":{"line":44,"column":6},"end":{"line":48,"column":7}},"26":{"start":{"line":45,"column":8},"end":{"line":45,"column":49}},"27":{"start":{"line":47,"column":8},"end":{"line":47,"column":18}},"28":{"start":{"line":50,"column":4},"end":{"line":50,"column":20}},"29":{"start":{"line":53,"column":23},"end":{"line":67,"column":3}},"30":{"start":{"line":54,"column":13},"end":{"line":54,"column":42}},"31":{"start":{"line":55,"column":4},"end":{"line":65,"column":5}},"32":{"start":{"line":57,"column":8},"end":{"line":57,"column":43}},"33":{"start":{"line":58,"column":8},"end":{"line":58,"column":14}},"34":{"start":{"line":60,"column":8},"end":{"line":60,"column":46}},"35":{"start":{"line":61,"column":8},"end":{"line":61,"column":14}},"36":{"start":{"line":63,"column":8},"end":{"line":63,"column":48}},"37":{"start":{"line":64,"column":8},"end":{"line":64,"column":14}},"38":{"start":{"line":66,"column":4},"end":{"line":66,"column":18}},"39":{"start":{"line":69,"column":18},"end":{"line":75,"column":3}},"40":{"start":{"line":70,"column":4},"end":{"line":74,"column":5}},"41":{"start":{"line":71,"column":6},"end":{"line":71,"column":70}},"42":{"start":{"line":73,"column":6},"end":{"line":73,"column":16}},"43":{"start":{"line":77,"column":2},"end":{"line":82,"column":9}},"44":{"start":{"line":78,"column":17},"end":{"line":78,"column":26}},"45":{"start":{"line":79,"column":4},"end":{"line":81,"column":5}},"46":{"start":{"line":80,"column":6},"end":{"line":80,"column":24}},"47":{"start":{"line":84,"column":2},"end":{"line":88,"column":17}},"48":{"start":{"line":85,"column":4},"end":{"line":87,"column":5}},"49":{"start":{"line":86,"column":6},"end":{"line":86,"column":65}},"50":{"start":{"line":90,"column":2},"end":{"line":134,"column":4}},"51":{"start":{"line":108,"column":16},"end":{"line":108,"column":null}},"52":{"start":{"line":126,"column":26},"end":{"line":126,"column":80}},"53":{"start":{"line":128,"column":12},"end":{"line":130,"column":14}},"54":{"start":{"line":137,"column":0},"end":{"line":137,"column":26}}},"fnMap":{"0":{"name":"(anonymous_10)","decl":{"start":{"line":17,"column":19},"end":{"line":17,"column":null}},"loc":{"start":{"line":17,"column":19},"end":{"line":135,"column":1}}},"1":{"name":"(anonymous_11)","decl":{"start":{"line":22,"column":23},"end":{"line":22,"column":24}},"loc":{"start":{"line":22,"column":66},"end":{"line":29,"column":3}}},"2":{"name":"(anonymous_12)","decl":{"start":{"line":31,"column":22},"end":{"line":31,"column":null}},"loc":{"start":{"line":32,"column":68},"end":{"line":35,"column":3}}},"3":{"name":"(anonymous_13)","decl":{"start":{"line":37,"column":21},"end":{"line":37,"column":null}},"loc":{"start":{"line":37,"column":21},"end":{"line":40,"column":3}}},"4":{"name":"(anonymous_14)","decl":{"start":{"line":42,"column":21},"end":{"line":42,"column":22}},"loc":{"start":{"line":42,"column":32},"end":{"line":51,"column":3}}},"5":{"name":"(anonymous_15)","decl":{"start":{"line":43,"column":28},"end":{"line":43,"column":29}},"loc":{"start":{"line":43,"column":31},"end":{"line":49,"column":5}}},"6":{"name":"(anonymous_16)","decl":{"start":{"line":53,"column":23},"end":{"line":53,"column":24}},"loc":{"start":{"line":53,"column":67},"end":{"line":67,"column":3}}},"7":{"name":"(anonymous_17)","decl":{"start":{"line":69,"column":18},"end":{"line":69,"column":null}},"loc":{"start":{"line":69,"column":18},"end":{"line":75,"column":3}}},"8":{"name":"(anonymous_18)","decl":{"start":{"line":77,"column":12},"end":{"line":77,"column":null}},"loc":{"start":{"line":77,"column":12},"end":{"line":82,"column":3}}},"9":{"name":"(anonymous_19)","decl":{"start":{"line":84,"column":12},"end":{"line":84,"column":null}},"loc":{"start":{"line":84,"column":12},"end":{"line":88,"column":3}}},"10":{"name":"(anonymous_20)","decl":{"start":{"line":107,"column":25},"end":{"line":107,"column":26}},"loc":{"start":{"line":107,"column":69},"end":{"line":108,"column":17}}},"11":{"name":"(anonymous_21)","decl":{"start":{"line":126,"column":18},"end":{"line":126,"column":19}},"loc":{"start":{"line":126,"column":21},"end":{"line":126,"column":28}}},"12":{"name":"(anonymous_22)","decl":{"start":{"line":127,"column":15},"end":{"line":127,"column":16}},"loc":{"start":{"line":127,"column":27},"end":{"line":131,"column":11}}}},"branchMap":{"0":{"loc":{"start":{"line":44,"column":6},"end":{"line":48,"column":7}},"type":"if","locations":[{"start":{"line":44,"column":6},"end":{"line":48,"column":7}},{"start":{"line":46,"column":13},"end":{"line":48,"column":7}}]},"1":{"loc":{"start":{"line":55,"column":4},"end":{"line":65,"column":5}},"type":"switch","locations":[{"start":{"line":56,"column":6},"end":{"line":58,"column":14}},{"start":{"line":59,"column":6},"end":{"line":61,"column":14}},{"start":{"line":62,"column":6},"end":{"line":64,"column":14}}]},"2":{"loc":{"start":{"line":71,"column":13},"end":{"line":71,"column":69}},"type":"binary-expr","locations":[{"start":{"line":71,"column":13},"end":{"line":71,"column":63}},{"start":{"line":71,"column":67},"end":{"line":71,"column":69}}]},"3":{"loc":{"start":{"line":71,"column":24},"end":{"line":71,"column":62}},"type":"binary-expr","locations":[{"start":{"line":71,"column":24},"end":{"line":71,"column":56}},{"start":{"line":71,"column":60},"end":{"line":71,"column":62}}]},"4":{"loc":{"start":{"line":79,"column":4},"end":{"line":81,"column":5}},"type":"if","locations":[{"start":{"line":79,"column":4},"end":{"line":81,"column":5}}]},"5":{"loc":{"start":{"line":85,"column":4},"end":{"line":87,"column":5}},"type":"if","locations":[{"start":{"line":85,"column":4},"end":{"line":87,"column":5}}]},"6":{"loc":{"start":{"line":108,"column":16},"end":{"line":108,"column":55}},"type":"cond-expr","locations":[{"start":{"line":108,"column":36},"end":{"line":108,"column":48}},{"start":{"line":108,"column":51},"end":{"line":108,"column":55}}]},"7":{"loc":{"start":{"line":116,"column":28},"end":{"line":116,"column":76}},"type":"cond-expr","locations":[{"start":{"line":116,"column":61},"end":{"line":116,"column":71}},{"start":{"line":116,"column":74},"end":{"line":116,"column":76}}]},"8":{"loc":{"start":{"line":126,"column":26},"end":{"line":126,"column":79}},"type":"binary-expr","locations":[{"start":{"line":126,"column":26},"end":{"line":126,"column":53}},{"start":{"line":126,"column":57},"end":{"line":126,"column":79}}]}},"s":{"0":1,"1":1,"2":1,"3":1,"4":1,"5":1,"6":20,"7":20,"8":20,"9":20,"10":20,"11":20,"12":20,"13":20,"14":20,"15":20,"16":3,"17":20,"18":1,"19":20,"20":2,"21":2,"22":20,"23":20,"24":1,"25":2,"26":1,"27":1,"28":1,"29":20,"30":3,"31":3,"32":1,"33":1,"34":1,"35":1,"36":1,"37":1,"38":3,"39":20,"40":5,"41":5,"42":3,"43":20,"44":5,"45":5,"46":5,"47":20,"48":13,"49":5,"50":20,"51":0,"52":16,"53":14,"54":1},"f":{"0":20,"1":3,"2":1,"3":2,"4":1,"5":2,"6":3,"7":5,"8":5,"9":13,"10":0,"11":16,"12":14},"b":{"0":[1,1],"1":[1,1,1],"2":[5,0],"3":[5,3],"4":[5],"5":[5],"6":[0,0],"7":[16,4],"8":[16,5]}}
,"C:\\Users\\ashis\\OneDrive\\Desktop\\todo-appp\\src\\Todo\\component\\Filter.tsx": {"path":"C:\\Users\\ashis\\OneDrive\\Desktop\\todo-appp\\src\\Todo\\component\\Filter.tsx","statementMap":{"0":{"start":{"line":1,"column":0},"end":{"line":1,"column":26}},"1":{"start":{"line":2,"column":0},"end":{"line":2,"column":41}},"2":{"start":{"line":9,"column":15},"end":{"line":15,"column":1}},"3":{"start":{"line":9,"column":29},"end":{"line":9,"column":31}},"4":{"start":{"line":9,"column":36},"end":{"line":9,"column":51}},"5":{"start":{"line":10,"column":4},"end":{"line":14,"column":null}},"6":{"start":{"line":12,"column":43},"end":{"line":12,"column":87}},"7":{"start":{"line":17,"column":0},"end":{"line":17,"column":22}}},"fnMap":{"0":{"name":"(anonymous_1)","decl":{"start":{"line":9,"column":15},"end":{"line":9,"column":16}},"loc":{"start":{"line":9,"column":51},"end":{"line":15,"column":1}}},"1":{"name":"(anonymous_2)","decl":{"start":{"line":12,"column":29},"end":{"line":12,"column":30}},"loc":{"start":{"line":12,"column":38},"end":{"line":12,"column":51}}}},"branchMap":{},"s":{"0":1,"1":1,"2":1,"3":20,"4":20,"5":20,"6":60,"7":1},"f":{"0":20,"1":60},"b":{}}
,"C:\\Users\\ashis\\OneDrive\\Desktop\\todo-appp\\src\\Todo\\component\\constant.ts": {"path":"C:\\Users\\ashis\\OneDrive\\Desktop\\todo-appp\\src\\Todo\\component\\constant.ts","statementMap":{"0":{"start":{"line":1,"column":13},"end":{"line":1,"column":58}}},"fnMap":{},"branchMap":{},"s":{"0":1},"f":{},"b":{}}
,"C:\\Users\\ashis\\OneDrive\\Desktop\\todo-appp\\src\\TodoList\\index.tsx": {"path":"C:\\Users\\ashis\\OneDrive\\Desktop\\todo-appp\\src\\TodoList\\index.tsx","statementMap":{"0":{"start":{"line":1,"column":0},"end":{"line":1,"column":26}},"1":{"start":{"line":3,"column":0},"end":{"line":3,"column":27}},"2":{"start":{"line":17,"column":17},"end":{"line":34,"column":1}},"3":{"start":{"line":17,"column":24},"end":{"line":17,"column":26}},"4":{"start":{"line":17,"column":37},"end":{"line":17,"column":55}},"5":{"start":{"line":18,"column":2},"end":{"line":33,"column":4}},"6":{"start":{"line":24,"column":26},"end":{"line":24,"column":null}},"7":{"start":{"line":36,"column":0},"end":{"line":36,"column":24}}},"fnMap":{"0":{"name":"(anonymous_1)","decl":{"start":{"line":17,"column":17},"end":{"line":17,"column":18}},"loc":{"start":{"line":17,"column":55},"end":{"line":34,"column":1}}},"1":{"name":"(anonymous_2)","decl":{"start":{"line":24,"column":20},"end":{"line":24,"column":26}},"loc":{"start":{"line":24,"column":20},"end":{"line":24,"column":37}}}},"branchMap":{"0":{"loc":{"start":{"line":27,"column":28},"end":{"line":27,"column":57}},"type":"cond-expr","locations":[{"start":{"line":27,"column":44},"end":{"line":27,"column":52}},{"start":{"line":27,"column":55},"end":{"line":27,"column":57}}]},"1":{"loc":{"start":{"line":31,"column":23},"end":{"line":31,"column":52}},"type":"cond-expr","locations":[{"start":{"line":31,"column":39},"end":{"line":31,"column":47}},{"start":{"line":31,"column":50},"end":{"line":31,"column":52}}]}},"s":{"0":1,"1":1,"2":1,"3":14,"4":14,"5":14,"6":1,"7":1},"f":{"0":14,"1":1},"b":{"0":[4,10],"1":[4,10]}}
}
