{"C:\\Users\\ashis\\OneDrive\\Desktop\\todo-appp\\src\\Todo\\index.tsx": {"path":"C:\\Users\\ashis\\OneDrive\\Desktop\\todo-appp\\src\\Todo\\index.tsx","statementMap":{"0":{"start":{"line":1,"column":0},"end":{"line":1,"column":51}},"1":{"start":{"line":2,"column":0},"end":{"line":2,"column":40}},"2":{"start":{"line":5,"column":0},"end":{"line":5,"column":21}},"3":{"start":{"line":6,"column":0},"end":{"line":6,"column":35}},"4":{"start":{"line":9,"column":22},"end":{"line":9,"column":58}},"5":{"start":{"line":16,"column":19},"end":{"line":103,"column":1}},"6":{"start":{"line":18,"column":40},"end":{"line":18,"column":63}},"7":{"start":{"line":18,"column":20},"end":{"line":18,"column":22}},"8":{"start":{"line":18,"column":36},"end":{"line":18,"column":40}},"9":{"start":{"line":19,"column":34},"end":{"line":19,"column":54}},"10":{"start":{"line":19,"column":17},"end":{"line":19,"column":19}},"11":{"start":{"line":19,"column":30},"end":{"line":19,"column":34}},"12":{"start":{"line":20,"column":30},"end":{"line":20,"column":68}},"13":{"start":{"line":20,"column":15},"end":{"line":20,"column":17}},"14":{"start":{"line":20,"column":26},"end":{"line":20,"column":30}},"15":{"start":{"line":22,"column":23},"end":{"line":24,"column":3}},"16":{"start":{"line":23,"column":4},"end":{"line":23,"column":null}},"17":{"start":{"line":26,"column":21},"end":{"line":29,"column":3}},"18":{"start":{"line":27,"column":4},"end":{"line":27,"column":44}},"19":{"start":{"line":28,"column":4},"end":{"line":28,"column":34}},"20":{"start":{"line":31,"column":21},"end":{"line":40,"column":3}},"21":{"start":{"line":32,"column":15},"end":{"line":38,"column":6}},"22":{"start":{"line":33,"column":6},"end":{"line":37,"column":7}},"23":{"start":{"line":34,"column":8},"end":{"line":34,"column":48}},"24":{"start":{"line":36,"column":8},"end":{"line":36,"column":18}},"25":{"start":{"line":39,"column":4},"end":{"line":39,"column":20}},"26":{"start":{"line":42,"column":23},"end":{"line":56,"column":3}},"27":{"start":{"line":43,"column":13},"end":{"line":43,"column":41}},"28":{"start":{"line":44,"column":4},"end":{"line":54,"column":5}},"29":{"start":{"line":46,"column":8},"end":{"line":46,"column":41}},"30":{"start":{"line":47,"column":8},"end":{"line":47,"column":14}},"31":{"start":{"line":49,"column":8},"end":{"line":49,"column":44}},"32":{"start":{"line":50,"column":8},"end":{"line":50,"column":14}},"33":{"start":{"line":52,"column":8},"end":{"line":52,"column":46}},"34":{"start":{"line":53,"column":8},"end":{"line":53,"column":14}},"35":{"start":{"line":55,"column":4},"end":{"line":55,"column":18}},"36":{"start":{"line":58,"column":18},"end":{"line":64,"column":3}},"37":{"start":{"line":59,"column":4},"end":{"line":63,"column":5}},"38":{"start":{"line":60,"column":6},"end":{"line":60,"column":70}},"39":{"start":{"line":62,"column":6},"end":{"line":62,"column":16}},"40":{"start":{"line":66,"column":2},"end":{"line":71,"column":9}},"41":{"start":{"line":67,"column":17},"end":{"line":67,"column":26}},"42":{"start":{"line":68,"column":4},"end":{"line":70,"column":5}},"43":{"start":{"line":69,"column":6},"end":{"line":69,"column":24}},"44":{"start":{"line":73,"column":2},"end":{"line":77,"column":17}},"45":{"start":{"line":74,"column":4},"end":{"line":76,"column":5}},"46":{"start":{"line":75,"column":6},"end":{"line":75,"column":65}},"47":{"start":{"line":79,"column":2},"end":{"line":102,"column":null}},"48":{"start":{"line":84,"column":114},"end":{"line":84,"column":null}},"49":{"start":{"line":95,"column":31},"end":{"line":95,"column":87}},"50":{"start":{"line":96,"column":10},"end":{"line":98,"column":null}},"51":{"start":{"line":105,"column":0},"end":{"line":105,"column":26}}},"fnMap":{"0":{"name":"(anonymous_10)","decl":{"start":{"line":16,"column":19},"end":{"line":16,"column":null}},"loc":{"start":{"line":16,"column":19},"end":{"line":103,"column":1}}},"1":{"name":"(anonymous_11)","decl":{"start":{"line":22,"column":23},"end":{"line":22,"column":24}},"loc":{"start":{"line":22,"column":66},"end":{"line":24,"column":3}}},"2":{"name":"(anonymous_12)","decl":{"start":{"line":26,"column":21},"end":{"line":26,"column":null}},"loc":{"start":{"line":26,"column":21},"end":{"line":29,"column":3}}},"3":{"name":"(anonymous_13)","decl":{"start":{"line":31,"column":21},"end":{"line":31,"column":22}},"loc":{"start":{"line":31,"column":32},"end":{"line":40,"column":3}}},"4":{"name":"(anonymous_14)","decl":{"start":{"line":32,"column":28},"end":{"line":32,"column":30}},"loc":{"start":{"line":32,"column":30},"end":{"line":38,"column":5}}},"5":{"name":"(anonymous_15)","decl":{"start":{"line":42,"column":23},"end":{"line":42,"column":24}},"loc":{"start":{"line":42,"column":67},"end":{"line":56,"column":3}}},"6":{"name":"(anonymous_16)","decl":{"start":{"line":58,"column":18},"end":{"line":58,"column":null}},"loc":{"start":{"line":58,"column":18},"end":{"line":64,"column":3}}},"7":{"name":"(anonymous_17)","decl":{"start":{"line":66,"column":12},"end":{"line":66,"column":null}},"loc":{"start":{"line":66,"column":12},"end":{"line":71,"column":3}}},"8":{"name":"(anonymous_18)","decl":{"start":{"line":73,"column":12},"end":{"line":73,"column":null}},"loc":{"start":{"line":73,"column":12},"end":{"line":77,"column":3}}},"9":{"name":"(anonymous_19)","decl":{"start":{"line":84,"column":68},"end":{"line":84,"column":69}},"loc":{"start":{"line":84,"column":109},"end":{"line":84,"column":115}}},"10":{"name":"(anonymous_20)","decl":{"start":{"line":95,"column":25},"end":{"line":95,"column":27}},"loc":{"start":{"line":95,"column":27},"end":{"line":95,"column":32}}},"11":{"name":"(anonymous_21)","decl":{"start":{"line":95,"column":92},"end":{"line":95,"column":93}},"loc":{"start":{"line":95,"column":104},"end":{"line":99,"column":9}}}},"branchMap":{"0":{"loc":{"start":{"line":33,"column":6},"end":{"line":37,"column":7}},"type":"if","locations":[{"start":{"line":33,"column":6},"end":{"line":37,"column":7}},{"start":{"line":35,"column":13},"end":{"line":37,"column":7}}]},"1":{"loc":{"start":{"line":44,"column":4},"end":{"line":54,"column":5}},"type":"switch","locations":[{"start":{"line":45,"column":6},"end":{"line":47,"column":14}},{"start":{"line":48,"column":6},"end":{"line":50,"column":14}},{"start":{"line":51,"column":6},"end":{"line":53,"column":14}}]},"2":{"loc":{"start":{"line":60,"column":13},"end":{"line":60,"column":69}},"type":"binary-expr","locations":[{"start":{"line":60,"column":13},"end":{"line":60,"column":63}},{"start":{"line":60,"column":67},"end":{"line":60,"column":69}}]},"3":{"loc":{"start":{"line":60,"column":24},"end":{"line":60,"column":62}},"type":"binary-expr","locations":[{"start":{"line":60,"column":24},"end":{"line":60,"column":56}},{"start":{"line":60,"column":60},"end":{"line":60,"column":62}}]},"4":{"loc":{"start":{"line":68,"column":4},"end":{"line":70,"column":5}},"type":"if","locations":[{"start":{"line":68,"column":4},"end":{"line":70,"column":5}}]},"5":{"loc":{"start":{"line":74,"column":4},"end":{"line":76,"column":5}},"type":"if","locations":[{"start":{"line":74,"column":4},"end":{"line":76,"column":5}}]},"6":{"loc":{"start":{"line":84,"column":114},"end":{"line":84,"column":153}},"type":"cond-expr","locations":[{"start":{"line":84,"column":134},"end":{"line":84,"column":146}},{"start":{"line":84,"column":149},"end":{"line":84,"column":153}}]},"7":{"loc":{"start":{"line":95,"column":32},"end":{"line":95,"column":85}},"type":"binary-expr","locations":[{"start":{"line":95,"column":32},"end":{"line":95,"column":59}},{"start":{"line":95,"column":63},"end":{"line":95,"column":85}}]}},"s":{"0":1,"1":1,"2":1,"3":1,"4":1,"5":1,"6":19,"7":19,"8":19,"9":19,"10":19,"11":19,"12":19,"13":19,"14":19,"15":19,"16":3,"17":19,"18":2,"19":2,"20":19,"21":1,"22":2,"23":1,"24":1,"25":1,"26":19,"27":3,"28":3,"29":1,"30":1,"31":1,"32":1,"33":1,"34":1,"35":3,"36":19,"37":5,"38":5,"39":3,"40":19,"41":5,"42":5,"43":5,"44":19,"45":13,"46":5,"47":19,"48":0,"49":16,"50":14,"51":1},"f":{"0":19,"1":3,"2":2,"3":1,"4":2,"5":3,"6":5,"7":5,"8":13,"9":0,"10":16,"11":14},"b":{"0":[1,1],"1":[1,1,1],"2":[5,0],"3":[5,3],"4":[5],"5":[5],"6":[0,0],"7":[16,5]}}
,"C:\\Users\\ashis\\OneDrive\\Desktop\\todo-appp\\src\\Todo\\component\\Filter.tsx": {"path":"C:\\Users\\ashis\\OneDrive\\Desktop\\todo-appp\\src\\Todo\\component\\Filter.tsx","statementMap":{"0":{"start":{"line":1,"column":0},"end":{"line":1,"column":26}},"1":{"start":{"line":2,"column":0},"end":{"line":2,"column":41}},"2":{"start":{"line":9,"column":15},"end":{"line":15,"column":1}},"3":{"start":{"line":9,"column":29},"end":{"line":9,"column":31}},"4":{"start":{"line":9,"column":36},"end":{"line":9,"column":51}},"5":{"start":{"line":10,"column":4},"end":{"line":14,"column":null}},"6":{"start":{"line":12,"column":43},"end":{"line":12,"column":87}},"7":{"start":{"line":17,"column":0},"end":{"line":17,"column":22}}},"fnMap":{"0":{"name":"(anonymous_1)","decl":{"start":{"line":9,"column":15},"end":{"line":9,"column":16}},"loc":{"start":{"line":9,"column":51},"end":{"line":15,"column":1}}},"1":{"name":"(anonymous_2)","decl":{"start":{"line":12,"column":29},"end":{"line":12,"column":30}},"loc":{"start":{"line":12,"column":38},"end":{"line":12,"column":51}}}},"branchMap":{},"s":{"0":1,"1":1,"2":1,"3":19,"4":19,"5":19,"6":57,"7":1},"f":{"0":19,"1":57},"b":{}}
,"C:\\Users\\ashis\\OneDrive\\Desktop\\todo-appp\\src\\Todo\\component\\constant.ts": {"path":"C:\\Users\\ashis\\OneDrive\\Desktop\\todo-appp\\src\\Todo\\component\\constant.ts","statementMap":{"0":{"start":{"line":1,"column":13},"end":{"line":1,"column":58}}},"fnMap":{},"branchMap":{},"s":{"0":1},"f":{},"b":{}}
,"C:\\Users\\ashis\\OneDrive\\Desktop\\todo-appp\\src\\TodoList\\index.tsx": {"path":"C:\\Users\\ashis\\OneDrive\\Desktop\\todo-appp\\src\\TodoList\\index.tsx","statementMap":{"0":{"start":{"line":1,"column":0},"end":{"line":1,"column":26}},"1":{"start":{"line":3,"column":0},"end":{"line":3,"column":27}},"2":{"start":{"line":16,"column":17},"end":{"line":24,"column":1}},"3":{"start":{"line":16,"column":23},"end":{"line":16,"column":25}},"4":{"start":{"line":16,"column":36},"end":{"line":16,"column":53}},"5":{"start":{"line":18,"column":4},"end":{"line":23,"column":null}},"6":{"start":{"line":20,"column":75},"end":{"line":20,"column":106}},"7":{"start":{"line":26,"column":0},"end":{"line":26,"column":24}}},"fnMap":{"0":{"name":"(anonymous_1)","decl":{"start":{"line":16,"column":17},"end":{"line":16,"column":18}},"loc":{"start":{"line":16,"column":53},"end":{"line":24,"column":1}}},"1":{"name":"(anonymous_2)","decl":{"start":{"line":20,"column":69},"end":{"line":20,"column":75}},"loc":{"start":{"line":20,"column":69},"end":{"line":20,"column":86}}}},"branchMap":{"0":{"loc":{"start":{"line":21,"column":32},"end":{"line":21,"column":61}},"type":"cond-expr","locations":[{"start":{"line":21,"column":48},"end":{"line":21,"column":56}},{"start":{"line":21,"column":59},"end":{"line":21,"column":61}}]}},"s":{"0":1,"1":1,"2":1,"3":14,"4":14,"5":14,"6":1,"7":1},"f":{"0":14,"1":1},"b":{"0":[4,10]}}
}
