TN:
SF:src\App.tsx
FN:5,App
FNF:1
FNH:1
FNDA:1,App
DA:1,1
DA:2,1
DA:3,1
DA:6,1
DA:14,1
LF:5
LH:5
BRF:0
BRH:0
end_of_record
TN:
SF:src\Todo\index.tsx
FN:16,(anonymous_10)
FN:22,(anonymous_11)
FN:26,(anonymous_12)
FN:31,(anonymous_13)
FN:32,(anonymous_14)
FN:42,(anonymous_15)
FN:58,(anonymous_16)
FN:66,(anonymous_17)
FN:73,(anonymous_18)
FN:84,(anonymous_19)
FN:95,(anonymous_20)
FN:95,(anonymous_21)
FNF:12
FNH:11
FNDA:21,(anonymous_10)
FNDA:3,(anonymous_11)
FNDA:2,(anonymous_12)
FNDA:1,(anonymous_13)
FNDA:2,(anonymous_14)
FNDA:3,(anonymous_15)
FNDA:6,(anonymous_16)
FNDA:6,(anonymous_17)
FNDA:15,(anonymous_18)
FNDA:0,(anonymous_19)
FNDA:16,(anonymous_20)
FNDA:14,(anonymous_21)
DA:1,2
DA:2,2
DA:5,2
DA:6,2
DA:9,2
DA:16,2
DA:18,21
DA:19,21
DA:20,21
DA:22,21
DA:23,3
DA:26,21
DA:27,2
DA:28,2
DA:31,21
DA:32,1
DA:33,2
DA:34,1
DA:36,1
DA:39,1
DA:42,21
DA:43,3
DA:44,3
DA:46,1
DA:47,1
DA:49,1
DA:50,1
DA:52,1
DA:53,1
DA:55,3
DA:58,21
DA:59,6
DA:60,6
DA:62,4
DA:66,21
DA:67,6
DA:68,6
DA:69,6
DA:73,21
DA:74,15
DA:75,5
DA:79,21
DA:84,0
DA:95,16
DA:96,14
DA:105,2
LF:46
LH:45
BRDA:33,0,0,1
BRDA:33,0,1,1
BRDA:44,1,0,1
BRDA:44,1,1,1
BRDA:44,1,2,1
BRDA:60,2,0,6
BRDA:60,2,1,0
BRDA:60,3,0,6
BRDA:60,3,1,4
BRDA:68,4,0,6
BRDA:74,5,0,5
BRDA:84,6,0,0
BRDA:84,6,1,0
BRDA:95,7,0,16
BRDA:95,7,1,5
BRF:15
BRH:12
end_of_record
TN:
SF:src\Todo\component\Filter.tsx
FN:9,(anonymous_1)
FN:12,(anonymous_2)
FNF:2
FNH:2
FNDA:21,(anonymous_1)
FNDA:63,(anonymous_2)
DA:1,2
DA:2,2
DA:9,21
DA:10,21
DA:12,63
DA:17,2
LF:6
LH:6
BRF:0
BRH:0
end_of_record
TN:
SF:src\Todo\component\constant.ts
FNF:0
FNH:0
DA:1,2
LF:1
LH:1
BRF:0
BRH:0
end_of_record
TN:
SF:src\TodoList\index.tsx
FN:16,(anonymous_1)
FN:20,(anonymous_2)
FNF:2
FNH:2
FNDA:14,(anonymous_1)
FNDA:1,(anonymous_2)
DA:1,2
DA:3,2
DA:16,14
DA:18,14
DA:20,1
DA:26,2
LF:6
LH:6
BRDA:21,0,0,4
BRDA:21,0,1,10
BRF:2
BRH:2
end_of_record
